[0.008s] Invoking command in '/home/karthik/Documents/ROS2_DEVELOPMENTS/ros2_gazebo_workspace_1/build/robot_description': CMAKE_PREFIX_PATH=${CMAKE_PREFIX_PATH}:/opt/ros/jazzy DEBUGINFOD_URLS=https://debuginfod.ubuntu.com /usr/bin/cmake --build /home/karthik/Documents/ROS2_DEVELOPMENTS/ros2_gazebo_workspace_1/build/robot_description -- -j12 -l12
[0.048s] Invoked command in '/home/karthik/Documents/ROS2_DEVELOPMENTS/ros2_gazebo_workspace_1/build/robot_description' returned '0': CMAKE_PREFIX_PATH=${CMAKE_PREFIX_PATH}:/opt/ros/jazzy DEBUGINFOD_URLS=https://debuginfod.ubuntu.com /usr/bin/cmake --build /home/karthik/Documents/ROS2_DEVELOPMENTS/ros2_gazebo_workspace_1/build/robot_description -- -j12 -l12
[0.058s] Invoking command in '/home/karthik/Documents/ROS2_DEVELOPMENTS/ros2_gazebo_workspace_1/build/robot_description': CMAKE_PREFIX_PATH=${CMAKE_PREFIX_PATH}:/opt/ros/jazzy DEBUGINFOD_URLS=https://debuginfod.ubuntu.com /usr/bin/cmake --install /home/karthik/Documents/ROS2_DEVELOPMENTS/ros2_gazebo_workspace_1/build/robot_description
[0.065s] -- Install configuration: ""
[0.066s] -- Execute custom install script
[0.066s] -- Up-to-date symlink: /home/karthik/Documents/ROS2_DEVELOPMENTS/ros2_gazebo_workspace_1/install/robot_description/share/robot_description/urdf/base.xacro
[0.066s] -- Up-to-date symlink: /home/karthik/Documents/ROS2_DEVELOPMENTS/ros2_gazebo_workspace_1/install/robot_description/share/robot_description/urdf/common_properties.xacro
[0.066s] -- Up-to-date symlink: /home/karthik/Documents/ROS2_DEVELOPMENTS/ros2_gazebo_workspace_1/install/robot_description/share/robot_description/urdf/gazebo.xacro
[0.066s] -- Up-to-date symlink: /home/karthik/Documents/ROS2_DEVELOPMENTS/ros2_gazebo_workspace_1/install/robot_description/share/robot_description/urdf/inertia_macros.xacro
[0.066s] -- Up-to-date symlink: /home/karthik/Documents/ROS2_DEVELOPMENTS/ros2_gazebo_workspace_1/install/robot_description/share/robot_description/urdf/robot.xacro
[0.067s] -- Up-to-date symlink: /home/karthik/Documents/ROS2_DEVELOPMENTS/ros2_gazebo_workspace_1/install/robot_description/share/robot_description/urdf/wheels.xacro
[0.067s] -- Up-to-date symlink: /home/karthik/Documents/ROS2_DEVELOPMENTS/ros2_gazebo_workspace_1/install/robot_description/share/robot_description/launch/display.launch.py
[0.067s] -- Up-to-date symlink: /home/karthik/Documents/ROS2_DEVELOPMENTS/ros2_gazebo_workspace_1/install/robot_description/share/robot_description/launch/gazebo.launch.py
[0.067s] -- Symlinking: /home/karthik/Documents/ROS2_DEVELOPMENTS/ros2_gazebo_workspace_1/install/robot_description/share/robot_description/config/ros_gz_bridge.yaml
[0.077s] -- Up-to-date symlink: /home/karthik/Documents/ROS2_DEVELOPMENTS/ros2_gazebo_workspace_1/install/robot_description/share/ament_index/resource_index/package_run_dependencies/robot_description
[0.077s] -- Up-to-date symlink: /home/karthik/Documents/ROS2_DEVELOPMENTS/ros2_gazebo_workspace_1/install/robot_description/share/ament_index/resource_index/parent_prefix_path/robot_description
[0.077s] -- Up-to-date symlink: /home/karthik/Documents/ROS2_DEVELOPMENTS/ros2_gazebo_workspace_1/install/robot_description/share/robot_description/environment/ament_prefix_path.sh
[0.077s] -- Up-to-date symlink: /home/karthik/Documents/ROS2_DEVELOPMENTS/ros2_gazebo_workspace_1/install/robot_description/share/robot_description/environment/ament_prefix_path.dsv
[0.077s] -- Up-to-date symlink: /home/karthik/Documents/ROS2_DEVELOPMENTS/ros2_gazebo_workspace_1/install/robot_description/share/robot_description/environment/path.sh
[0.077s] -- Up-to-date symlink: /home/karthik/Documents/ROS2_DEVELOPMENTS/ros2_gazebo_workspace_1/install/robot_description/share/robot_description/environment/path.dsv
[0.077s] -- Up-to-date symlink: /home/karthik/Documents/ROS2_DEVELOPMENTS/ros2_gazebo_workspace_1/install/robot_description/share/robot_description/local_setup.bash
[0.077s] -- Up-to-date symlink: /home/karthik/Documents/ROS2_DEVELOPMENTS/ros2_gazebo_workspace_1/install/robot_description/share/robot_description/local_setup.sh
[0.078s] -- Up-to-date symlink: /home/karthik/Documents/ROS2_DEVELOPMENTS/ros2_gazebo_workspace_1/install/robot_description/share/robot_description/local_setup.zsh
[0.078s] -- Up-to-date symlink: /home/karthik/Documents/ROS2_DEVELOPMENTS/ros2_gazebo_workspace_1/install/robot_description/share/robot_description/local_setup.dsv
[0.078s] -- Symlinking: /home/karthik/Documents/ROS2_DEVELOPMENTS/ros2_gazebo_workspace_1/install/robot_description/share/robot_description/package.dsv
[0.087s] -- Up-to-date symlink: /home/karthik/Documents/ROS2_DEVELOPMENTS/ros2_gazebo_workspace_1/install/robot_description/share/ament_index/resource_index/packages/robot_description
[0.087s] -- Up-to-date symlink: /home/karthik/Documents/ROS2_DEVELOPMENTS/ros2_gazebo_workspace_1/install/robot_description/share/robot_description/cmake/robot_descriptionConfig.cmake
[0.087s] -- Up-to-date symlink: /home/karthik/Documents/ROS2_DEVELOPMENTS/ros2_gazebo_workspace_1/install/robot_description/share/robot_description/cmake/robot_descriptionConfig-version.cmake
[0.087s] -- Up-to-date symlink: /home/karthik/Documents/ROS2_DEVELOPMENTS/ros2_gazebo_workspace_1/install/robot_description/share/robot_description/package.xml
[0.089s] Invoked command in '/home/karthik/Documents/ROS2_DEVELOPMENTS/ros2_gazebo_workspace_1/build/robot_description' returned '0': CMAKE_PREFIX_PATH=${CMAKE_PREFIX_PATH}:/opt/ros/jazzy DEBUGINFOD_URLS=https://debuginfod.ubuntu.com /usr/bin/cmake --install /home/karthik/Documents/ROS2_DEVELOPMENTS/ros2_gazebo_workspace_1/build/robot_description
