[0.138s] DEBUG:colcon:Command line arguments: ['/usr/bin/colcon', 'build', '--packages-select', 'robot_bridge_py']
[0.138s] DEBUG:colcon:Parsed command line arguments: Namespace(log_base=None, log_level=None, verb_name='build', build_base='build', install_base='install', merge_install=False, symlink_install=False, test_result_base=None, continue_on_error=False, executor='parallel', parallel_workers=12, event_handlers=None, ignore_user_meta=False, metas=['./colcon.meta'], base_paths=['.'], packages_ignore=None, packages_ignore_regex=None, paths=None, packages_up_to=None, packages_up_to_regex=None, packages_above=None, packages_above_and_dependencies=None, packages_above_depth=None, packages_select_by_dep=None, packages_skip_by_dep=None, packages_skip_up_to=None, packages_select_build_failed=False, packages_skip_build_finished=False, packages_select_test_failures=False, packages_skip_test_passed=False, packages_select=['robot_bridge_py'], packages_skip=None, packages_select_regex=None, packages_skip_regex=None, packages_start=None, packages_end=None, allow_overriding=[], cmake_args=None, cmake_target=None, cmake_target_skip_unavailable=False, cmake_clean_cache=False, cmake_clean_first=False, cmake_force_configure=False, ament_cmake_args=None, catkin_cmake_args=None, catkin_skip_building_tests=False, mixin_files=None, mixin=None, verb_parser=<colcon_mixin.mixin.mixin_argument.MixinArgumentDecorator object at 0x7fd921e9f2f0>, verb_extension=<colcon_core.verb.build.BuildVerb object at 0x7fd921e9e930>, main=<bound method BuildVerb.main of <colcon_core.verb.build.BuildVerb object at 0x7fd921e9e930>>, mixin_verb=('build',))
[0.188s] Level 1:colcon.colcon_core.package_discovery:discover_packages(colcon_meta) check parameters
[0.188s] Level 1:colcon.colcon_core.package_discovery:discover_packages(recursive) check parameters
[0.188s] Level 1:colcon.colcon_core.package_discovery:discover_packages(ignore) check parameters
[0.189s] Level 1:colcon.colcon_core.package_discovery:discover_packages(path) check parameters
[0.189s] Level 1:colcon.colcon_core.package_discovery:discover_packages(colcon_meta) discover
[0.189s] Level 1:colcon.colcon_core.package_discovery:discover_packages(recursive) discover
[0.189s] INFO:colcon.colcon_core.package_discovery:Crawling recursively for packages in '/home/karthik/Documents/ROS2_DEVELOPMENTS/ros3_workspace4_fastapi_bridge_projects'
[0.189s] Level 1:colcon.colcon_core.package_identification:_identify(.) by extensions ['ignore', 'ignore_ament_install']
[0.189s] Level 1:colcon.colcon_core.package_identification:_identify(.) by extension 'ignore'
[0.189s] Level 1:colcon.colcon_core.package_identification:_identify(.) by extension 'ignore_ament_install'
[0.189s] Level 1:colcon.colcon_core.package_identification:_identify(.) by extensions ['colcon_pkg']
[0.189s] Level 1:colcon.colcon_core.package_identification:_identify(.) by extension 'colcon_pkg'
[0.189s] Level 1:colcon.colcon_core.package_identification:_identify(.) by extensions ['colcon_meta']
[0.189s] Level 1:colcon.colcon_core.package_identification:_identify(.) by extension 'colcon_meta'
[0.189s] Level 1:colcon.colcon_core.package_identification:_identify(.) by extensions ['ros']
[0.189s] Level 1:colcon.colcon_core.package_identification:_identify(.) by extension 'ros'
[0.221s] Level 1:colcon.colcon_core.package_identification:_identify(.) by extensions ['cmake', 'python']
[0.221s] Level 1:colcon.colcon_core.package_identification:_identify(.) by extension 'cmake'
[0.221s] Level 1:colcon.colcon_core.package_identification:_identify(.) by extension 'python'
[0.222s] Level 1:colcon.colcon_core.package_identification:_identify(.) by extensions ['python_setup_py']
[0.222s] Level 1:colcon.colcon_core.package_identification:_identify(.) by extension 'python_setup_py'
[0.222s] Level 1:colcon.colcon_core.package_identification:_identify(build) by extensions ['ignore', 'ignore_ament_install']
[0.222s] Level 1:colcon.colcon_core.package_identification:_identify(build) by extension 'ignore'
[0.222s] Level 1:colcon.colcon_core.package_identification:_identify(build) ignored
[0.222s] Level 1:colcon.colcon_core.package_identification:_identify(install) by extensions ['ignore', 'ignore_ament_install']
[0.222s] Level 1:colcon.colcon_core.package_identification:_identify(install) by extension 'ignore'
[0.222s] Level 1:colcon.colcon_core.package_identification:_identify(install) ignored
[0.222s] Level 1:colcon.colcon_core.package_identification:_identify(log) by extensions ['ignore', 'ignore_ament_install']
[0.222s] Level 1:colcon.colcon_core.package_identification:_identify(log) by extension 'ignore'
[0.222s] Level 1:colcon.colcon_core.package_identification:_identify(log) ignored
[0.222s] Level 1:colcon.colcon_core.package_identification:_identify(src) by extensions ['ignore', 'ignore_ament_install']
[0.222s] Level 1:colcon.colcon_core.package_identification:_identify(src) by extension 'ignore'
[0.223s] Level 1:colcon.colcon_core.package_identification:_identify(src) by extension 'ignore_ament_install'
[0.223s] Level 1:colcon.colcon_core.package_identification:_identify(src) by extensions ['colcon_pkg']
[0.223s] Level 1:colcon.colcon_core.package_identification:_identify(src) by extension 'colcon_pkg'
[0.223s] Level 1:colcon.colcon_core.package_identification:_identify(src) by extensions ['colcon_meta']
[0.223s] Level 1:colcon.colcon_core.package_identification:_identify(src) by extension 'colcon_meta'
[0.223s] Level 1:colcon.colcon_core.package_identification:_identify(src) by extensions ['ros']
[0.223s] Level 1:colcon.colcon_core.package_identification:_identify(src) by extension 'ros'
[0.223s] Level 1:colcon.colcon_core.package_identification:_identify(src) by extensions ['cmake', 'python']
[0.223s] Level 1:colcon.colcon_core.package_identification:_identify(src) by extension 'cmake'
[0.223s] Level 1:colcon.colcon_core.package_identification:_identify(src) by extension 'python'
[0.223s] Level 1:colcon.colcon_core.package_identification:_identify(src) by extensions ['python_setup_py']
[0.223s] Level 1:colcon.colcon_core.package_identification:_identify(src) by extension 'python_setup_py'
[0.223s] Level 1:colcon.colcon_core.package_identification:_identify(src/robot_bridge_cpp) by extensions ['ignore', 'ignore_ament_install']
[0.223s] Level 1:colcon.colcon_core.package_identification:_identify(src/robot_bridge_cpp) by extension 'ignore'
[0.223s] Level 1:colcon.colcon_core.package_identification:_identify(src/robot_bridge_cpp) by extension 'ignore_ament_install'
[0.223s] Level 1:colcon.colcon_core.package_identification:_identify(src/robot_bridge_cpp) by extensions ['colcon_pkg']
[0.223s] Level 1:colcon.colcon_core.package_identification:_identify(src/robot_bridge_cpp) by extension 'colcon_pkg'
[0.223s] Level 1:colcon.colcon_core.package_identification:_identify(src/robot_bridge_cpp) by extensions ['colcon_meta']
[0.223s] Level 1:colcon.colcon_core.package_identification:_identify(src/robot_bridge_cpp) by extension 'colcon_meta'
[0.223s] Level 1:colcon.colcon_core.package_identification:_identify(src/robot_bridge_cpp) by extensions ['ros']
[0.223s] Level 1:colcon.colcon_core.package_identification:_identify(src/robot_bridge_cpp) by extension 'ros'
[0.226s] DEBUG:colcon.colcon_core.package_identification:Package 'src/robot_bridge_cpp' with type 'ros.ament_cmake' and name 'robot_bridge_cpp'
[0.226s] Level 1:colcon.colcon_core.package_identification:_identify(src/robot_bridge_py) by extensions ['ignore', 'ignore_ament_install']
[0.226s] Level 1:colcon.colcon_core.package_identification:_identify(src/robot_bridge_py) by extension 'ignore'
[0.227s] Level 1:colcon.colcon_core.package_identification:_identify(src/robot_bridge_py) by extension 'ignore_ament_install'
[0.227s] Level 1:colcon.colcon_core.package_identification:_identify(src/robot_bridge_py) by extensions ['colcon_pkg']
[0.227s] Level 1:colcon.colcon_core.package_identification:_identify(src/robot_bridge_py) by extension 'colcon_pkg'
[0.227s] Level 1:colcon.colcon_core.package_identification:_identify(src/robot_bridge_py) by extensions ['colcon_meta']
[0.227s] Level 1:colcon.colcon_core.package_identification:_identify(src/robot_bridge_py) by extension 'colcon_meta'
[0.227s] Level 1:colcon.colcon_core.package_identification:_identify(src/robot_bridge_py) by extensions ['ros']
[0.227s] Level 1:colcon.colcon_core.package_identification:_identify(src/robot_bridge_py) by extension 'ros'
[0.228s] DEBUG:colcon.colcon_core.package_identification:Package 'src/robot_bridge_py' with type 'ros.ament_python' and name 'robot_bridge_py'
[0.228s] Level 1:colcon.colcon_core.package_discovery:discover_packages(recursive) using defaults
[0.228s] Level 1:colcon.colcon_core.package_discovery:discover_packages(ignore) discover
[0.228s] Level 1:colcon.colcon_core.package_discovery:discover_packages(ignore) using defaults
[0.228s] Level 1:colcon.colcon_core.package_discovery:discover_packages(path) discover
[0.228s] Level 1:colcon.colcon_core.package_discovery:discover_packages(path) using defaults
[0.250s] INFO:colcon.colcon_core.package_selection:Skipping not selected package 'robot_bridge_cpp' in 'src/robot_bridge_cpp'
[0.251s] Level 1:colcon.colcon_core.package_discovery:discover_packages(prefix_path) check parameters
[0.251s] Level 1:colcon.colcon_core.package_discovery:discover_packages(prefix_path) discover
[0.253s] DEBUG:colcon.colcon_installed_package_information.package_discovery:Found 1 installed packages in /home/karthik/Documents/ROS2_DEVELOPMENTS/ros2-amr-simulation/install
[0.255s] DEBUG:colcon.colcon_installed_package_information.package_discovery:Found 323 installed packages in /opt/ros/jazzy
[0.257s] Level 1:colcon.colcon_core.package_discovery:discover_packages(prefix_path) using defaults
[0.307s] Level 5:colcon.colcon_core.verb:set package 'robot_bridge_py' build argument 'cmake_args' from command line to 'None'
[0.307s] Level 5:colcon.colcon_core.verb:set package 'robot_bridge_py' build argument 'cmake_target' from command line to 'None'
[0.307s] Level 5:colcon.colcon_core.verb:set package 'robot_bridge_py' build argument 'cmake_target_skip_unavailable' from command line to 'False'
[0.307s] Level 5:colcon.colcon_core.verb:set package 'robot_bridge_py' build argument 'cmake_clean_cache' from command line to 'False'
[0.307s] Level 5:colcon.colcon_core.verb:set package 'robot_bridge_py' build argument 'cmake_clean_first' from command line to 'False'
[0.307s] Level 5:colcon.colcon_core.verb:set package 'robot_bridge_py' build argument 'cmake_force_configure' from command line to 'False'
[0.307s] Level 5:colcon.colcon_core.verb:set package 'robot_bridge_py' build argument 'ament_cmake_args' from command line to 'None'
[0.307s] Level 5:colcon.colcon_core.verb:set package 'robot_bridge_py' build argument 'catkin_cmake_args' from command line to 'None'
[0.307s] Level 5:colcon.colcon_core.verb:set package 'robot_bridge_py' build argument 'catkin_skip_building_tests' from command line to 'False'
[0.307s] DEBUG:colcon.colcon_core.verb:Building package 'robot_bridge_py' with the following arguments: {'ament_cmake_args': None, 'build_base': '/home/karthik/Documents/ROS2_DEVELOPMENTS/ros3_workspace4_fastapi_bridge_projects/build/robot_bridge_py', 'catkin_cmake_args': None, 'catkin_skip_building_tests': False, 'cmake_args': None, 'cmake_clean_cache': False, 'cmake_clean_first': False, 'cmake_force_configure': False, 'cmake_target': None, 'cmake_target_skip_unavailable': False, 'install_base': '/home/karthik/Documents/ROS2_DEVELOPMENTS/ros3_workspace4_fastapi_bridge_projects/install/robot_bridge_py', 'merge_install': False, 'path': '/home/karthik/Documents/ROS2_DEVELOPMENTS/ros3_workspace4_fastapi_bridge_projects/src/robot_bridge_py', 'symlink_install': False, 'test_result_base': None}
[0.307s] INFO:colcon.colcon_core.executor:Executing jobs using 'parallel' executor
[0.308s] DEBUG:colcon.colcon_parallel_executor.executor.parallel:run_until_complete
[0.308s] INFO:colcon.colcon_ros.task.ament_python.build:Building ROS package in '/home/karthik/Documents/ROS2_DEVELOPMENTS/ros3_workspace4_fastapi_bridge_projects/src/robot_bridge_py' with build type 'ament_python'
[0.308s] Level 1:colcon.colcon_core.shell:create_environment_hook('robot_bridge_py', 'ament_prefix_path')
[0.310s] INFO:colcon.colcon_core.plugin_system:Skipping extension 'colcon_core.shell.bat': Not used on non-Windows systems
[0.311s] INFO:colcon.colcon_core.shell:Creating environment hook '/home/karthik/Documents/ROS2_DEVELOPMENTS/ros3_workspace4_fastapi_bridge_projects/install/robot_bridge_py/share/robot_bridge_py/hook/ament_prefix_path.ps1'
[0.311s] INFO:colcon.colcon_core.shell:Creating environment descriptor '/home/karthik/Documents/ROS2_DEVELOPMENTS/ros3_workspace4_fastapi_bridge_projects/install/robot_bridge_py/share/robot_bridge_py/hook/ament_prefix_path.dsv'
[0.312s] INFO:colcon.colcon_core.shell:Creating environment hook '/home/karthik/Documents/ROS2_DEVELOPMENTS/ros3_workspace4_fastapi_bridge_projects/install/robot_bridge_py/share/robot_bridge_py/hook/ament_prefix_path.sh'
[0.313s] INFO:colcon.colcon_core.shell:Skip shell extension 'powershell' for command environment: Not usable outside of PowerShell
[0.313s] DEBUG:colcon.colcon_core.shell:Skip shell extension 'dsv' for command environment
[0.561s] INFO:colcon.colcon_core.task.python.build:Building Python package in '/home/karthik/Documents/ROS2_DEVELOPMENTS/ros3_workspace4_fastapi_bridge_projects/src/robot_bridge_py'
[0.561s] INFO:colcon.colcon_core.shell:Skip shell extension 'powershell' for command environment: Not usable outside of PowerShell
[0.561s] DEBUG:colcon.colcon_core.shell:Skip shell extension 'dsv' for command environment
[1.054s] DEBUG:colcon.colcon_core.task.python.build:Available setuptools commands: build_py, build_clib, rotate, bdist, clean, build, install, alias, install_headers, dist_info, install_egg_info, egg_info, symlink_data, upload, install_data, install_scripts, bdist_rpm, develop, setopt, test, install_lib, check, easy_install, sdist, editable_wheel, init_catalog, build_ext, saveopts, register, bdist_wheel, bdist_dumb, bdist_egg, upload_docs, update_catalog, extract_messages, build_scripts, compile_catalog
[1.057s] DEBUG:colcon.colcon_core.event_handler.log_command:Invoking command in '/home/karthik/Documents/ROS2_DEVELOPMENTS/ros3_workspace4_fastapi_bridge_projects/src/robot_bridge_py': DEBUGINFOD_URLS=https://debuginfod.ubuntu.com PYTHONPATH=/home/karthik/Documents/ROS2_DEVELOPMENTS/ros3_workspace4_fastapi_bridge_projects/build/robot_bridge_py/prefix_override:/usr/lib/python3/dist-packages/colcon_core/task/python/colcon_distutils_commands:/home/karthik/Documents/ROS2_DEVELOPMENTS/ros3_workspace4_fastapi_bridge_projects/install/robot_bridge_py/lib/python3.12/site-packages:${PYTHONPATH} /usr/bin/python3 -W ignore:setup.py install is deprecated -W ignore:easy_install command is deprecated setup.py egg_info --egg-base ../../build/robot_bridge_py build --build-base /home/karthik/Documents/ROS2_DEVELOPMENTS/ros3_workspace4_fastapi_bridge_projects/build/robot_bridge_py/build install --record /home/karthik/Documents/ROS2_DEVELOPMENTS/ros3_workspace4_fastapi_bridge_projects/build/robot_bridge_py/install.log --install-scripts $base/lib/robot_bridge_py --single-version-externally-managed install_data
[1.440s] DEBUG:colcon.colcon_core.event_handler.log_command:Invoked command in '/home/karthik/Documents/ROS2_DEVELOPMENTS/ros3_workspace4_fastapi_bridge_projects/src/robot_bridge_py' returned '0': DEBUGINFOD_URLS=https://debuginfod.ubuntu.com PYTHONPATH=/home/karthik/Documents/ROS2_DEVELOPMENTS/ros3_workspace4_fastapi_bridge_projects/build/robot_bridge_py/prefix_override:/usr/lib/python3/dist-packages/colcon_core/task/python/colcon_distutils_commands:/home/karthik/Documents/ROS2_DEVELOPMENTS/ros3_workspace4_fastapi_bridge_projects/install/robot_bridge_py/lib/python3.12/site-packages:${PYTHONPATH} /usr/bin/python3 -W ignore:setup.py install is deprecated -W ignore:easy_install command is deprecated setup.py egg_info --egg-base ../../build/robot_bridge_py build --build-base /home/karthik/Documents/ROS2_DEVELOPMENTS/ros3_workspace4_fastapi_bridge_projects/build/robot_bridge_py/build install --record /home/karthik/Documents/ROS2_DEVELOPMENTS/ros3_workspace4_fastapi_bridge_projects/build/robot_bridge_py/install.log --install-scripts $base/lib/robot_bridge_py --single-version-externally-managed install_data
[1.442s] Level 1:colcon.colcon_core.environment:checking '/home/karthik/Documents/ROS2_DEVELOPMENTS/ros3_workspace4_fastapi_bridge_projects/install/robot_bridge_py' for CMake module files
[1.442s] Level 1:colcon.colcon_core.environment:checking '/home/karthik/Documents/ROS2_DEVELOPMENTS/ros3_workspace4_fastapi_bridge_projects/install/robot_bridge_py' for CMake config files
[1.442s] Level 1:colcon.colcon_core.environment:checking '/home/karthik/Documents/ROS2_DEVELOPMENTS/ros3_workspace4_fastapi_bridge_projects/install/robot_bridge_py/lib'
[1.442s] Level 1:colcon.colcon_core.environment:checking '/home/karthik/Documents/ROS2_DEVELOPMENTS/ros3_workspace4_fastapi_bridge_projects/install/robot_bridge_py/bin'
[1.442s] Level 1:colcon.colcon_core.environment:checking '/home/karthik/Documents/ROS2_DEVELOPMENTS/ros3_workspace4_fastapi_bridge_projects/install/robot_bridge_py/lib/pkgconfig/robot_bridge_py.pc'
[1.443s] Level 1:colcon.colcon_core.environment:checking '/home/karthik/Documents/ROS2_DEVELOPMENTS/ros3_workspace4_fastapi_bridge_projects/install/robot_bridge_py/lib/python3.12/site-packages'
[1.443s] Level 1:colcon.colcon_core.shell:create_environment_hook('robot_bridge_py', 'pythonpath')
[1.443s] INFO:colcon.colcon_core.shell:Creating environment hook '/home/karthik/Documents/ROS2_DEVELOPMENTS/ros3_workspace4_fastapi_bridge_projects/install/robot_bridge_py/share/robot_bridge_py/hook/pythonpath.ps1'
[1.443s] INFO:colcon.colcon_core.shell:Creating environment descriptor '/home/karthik/Documents/ROS2_DEVELOPMENTS/ros3_workspace4_fastapi_bridge_projects/install/robot_bridge_py/share/robot_bridge_py/hook/pythonpath.dsv'
[1.443s] INFO:colcon.colcon_core.shell:Creating environment hook '/home/karthik/Documents/ROS2_DEVELOPMENTS/ros3_workspace4_fastapi_bridge_projects/install/robot_bridge_py/share/robot_bridge_py/hook/pythonpath.sh'
[1.444s] Level 1:colcon.colcon_core.environment:checking '/home/karthik/Documents/ROS2_DEVELOPMENTS/ros3_workspace4_fastapi_bridge_projects/install/robot_bridge_py/bin'
[1.444s] Level 1:colcon.colcon_core.environment:create_environment_scripts_only(robot_bridge_py)
[1.444s] INFO:colcon.colcon_core.shell:Creating package script '/home/karthik/Documents/ROS2_DEVELOPMENTS/ros3_workspace4_fastapi_bridge_projects/install/robot_bridge_py/share/robot_bridge_py/package.ps1'
[1.444s] INFO:colcon.colcon_core.shell:Creating package descriptor '/home/karthik/Documents/ROS2_DEVELOPMENTS/ros3_workspace4_fastapi_bridge_projects/install/robot_bridge_py/share/robot_bridge_py/package.dsv'
[1.445s] INFO:colcon.colcon_core.shell:Creating package script '/home/karthik/Documents/ROS2_DEVELOPMENTS/ros3_workspace4_fastapi_bridge_projects/install/robot_bridge_py/share/robot_bridge_py/package.sh'
[1.445s] INFO:colcon.colcon_core.shell:Creating package script '/home/karthik/Documents/ROS2_DEVELOPMENTS/ros3_workspace4_fastapi_bridge_projects/install/robot_bridge_py/share/robot_bridge_py/package.bash'
[1.446s] INFO:colcon.colcon_core.shell:Creating package script '/home/karthik/Documents/ROS2_DEVELOPMENTS/ros3_workspace4_fastapi_bridge_projects/install/robot_bridge_py/share/robot_bridge_py/package.zsh'
[1.446s] Level 1:colcon.colcon_core.environment:create_file_with_runtime_dependencies(/home/karthik/Documents/ROS2_DEVELOPMENTS/ros3_workspace4_fastapi_bridge_projects/install/robot_bridge_py/share/colcon-core/packages/robot_bridge_py)
[1.446s] DEBUG:colcon.colcon_parallel_executor.executor.parallel:closing loop
[1.447s] DEBUG:colcon.colcon_parallel_executor.executor.parallel:loop closed
[1.447s] DEBUG:colcon.colcon_parallel_executor.executor.parallel:run_until_complete finished with '0'
[1.447s] DEBUG:colcon.colcon_core.event_reactor:joining thread
[1.451s] INFO:colcon.colcon_core.plugin_system:Skipping extension 'colcon_notification.desktop_notification.terminal_notifier': Not used on non-Darwin systems
[1.451s] INFO:colcon.colcon_core.plugin_system:Skipping extension 'colcon_notification.desktop_notification.win32': Not used on non-Windows systems
[1.451s] INFO:colcon.colcon_notification.desktop_notification:Sending desktop notification using 'notify2'
[1.475s] DEBUG:colcon.colcon_core.event_reactor:joined thread
[1.476s] INFO:colcon.colcon_core.shell:Creating prefix script '/home/karthik/Documents/ROS2_DEVELOPMENTS/ros3_workspace4_fastapi_bridge_projects/install/local_setup.ps1'
[1.476s] INFO:colcon.colcon_core.shell:Creating prefix util module '/home/karthik/Documents/ROS2_DEVELOPMENTS/ros3_workspace4_fastapi_bridge_projects/install/_local_setup_util_ps1.py'
[1.477s] INFO:colcon.colcon_core.shell:Creating prefix chain script '/home/karthik/Documents/ROS2_DEVELOPMENTS/ros3_workspace4_fastapi_bridge_projects/install/setup.ps1'
[1.478s] INFO:colcon.colcon_core.shell:Creating prefix script '/home/karthik/Documents/ROS2_DEVELOPMENTS/ros3_workspace4_fastapi_bridge_projects/install/local_setup.sh'
[1.478s] INFO:colcon.colcon_core.shell:Creating prefix util module '/home/karthik/Documents/ROS2_DEVELOPMENTS/ros3_workspace4_fastapi_bridge_projects/install/_local_setup_util_sh.py'
[1.479s] INFO:colcon.colcon_core.shell:Creating prefix chain script '/home/karthik/Documents/ROS2_DEVELOPMENTS/ros3_workspace4_fastapi_bridge_projects/install/setup.sh'
[1.479s] INFO:colcon.colcon_core.shell:Creating prefix script '/home/karthik/Documents/ROS2_DEVELOPMENTS/ros3_workspace4_fastapi_bridge_projects/install/local_setup.bash'
[1.480s] INFO:colcon.colcon_core.shell:Creating prefix chain script '/home/karthik/Documents/ROS2_DEVELOPMENTS/ros3_workspace4_fastapi_bridge_projects/install/setup.bash'
[1.480s] INFO:colcon.colcon_core.shell:Creating prefix script '/home/karthik/Documents/ROS2_DEVELOPMENTS/ros3_workspace4_fastapi_bridge_projects/install/local_setup.zsh'
[1.480s] INFO:colcon.colcon_core.shell:Creating prefix chain script '/home/karthik/Documents/ROS2_DEVELOPMENTS/ros3_workspace4_fastapi_bridge_projects/install/setup.zsh'
