[0.140s] DEBUG:colcon:Command line arguments: ['/usr/bin/colcon', 'build', '--packages-select', 'robot_bridge_cpp']
[0.141s] DEBUG:colcon:Parsed command line arguments: Namespace(log_base=None, log_level=None, verb_name='build', build_base='build', install_base='install', merge_install=False, symlink_install=False, test_result_base=None, continue_on_error=False, executor='parallel', parallel_workers=12, event_handlers=None, ignore_user_meta=False, metas=['./colcon.meta'], base_paths=['.'], packages_ignore=None, packages_ignore_regex=None, paths=None, packages_up_to=None, packages_up_to_regex=None, packages_above=None, packages_above_and_dependencies=None, packages_above_depth=None, packages_select_by_dep=None, packages_skip_by_dep=None, packages_skip_up_to=None, packages_select_build_failed=False, packages_skip_build_finished=False, packages_select_test_failures=False, packages_skip_test_passed=False, packages_select=['robot_bridge_cpp'], packages_skip=None, packages_select_regex=None, packages_skip_regex=None, packages_start=None, packages_end=None, allow_overriding=[], cmake_args=None, cmake_target=None, cmake_target_skip_unavailable=False, cmake_clean_cache=False, cmake_clean_first=False, cmake_force_configure=False, ament_cmake_args=None, catkin_cmake_args=None, catkin_skip_building_tests=False, mixin_files=None, mixin=None, verb_parser=<colcon_mixin.mixin.mixin_argument.MixinArgumentDecorator object at 0x7cfb668972c0>, verb_extension=<colcon_core.verb.build.BuildVerb object at 0x7cfb66894c20>, main=<bound method BuildVerb.main of <colcon_core.verb.build.BuildVerb object at 0x7cfb66894c20>>, mixin_verb=('build',))
[0.198s] Level 1:colcon.colcon_core.package_discovery:discover_packages(colcon_meta) check parameters
[0.198s] Level 1:colcon.colcon_core.package_discovery:discover_packages(recursive) check parameters
[0.198s] Level 1:colcon.colcon_core.package_discovery:discover_packages(ignore) check parameters
[0.198s] Level 1:colcon.colcon_core.package_discovery:discover_packages(path) check parameters
[0.198s] Level 1:colcon.colcon_core.package_discovery:discover_packages(colcon_meta) discover
[0.199s] Level 1:colcon.colcon_core.package_discovery:discover_packages(recursive) discover
[0.199s] INFO:colcon.colcon_core.package_discovery:Crawling recursively for packages in '/home/karthik/Documents/ROS2_DEVELOPMENTS/ros3_workspace4_fastapi_bridge_projects'
[0.199s] Level 1:colcon.colcon_core.package_identification:_identify(.) by extensions ['ignore', 'ignore_ament_install']
[0.199s] Level 1:colcon.colcon_core.package_identification:_identify(.) by extension 'ignore'
[0.199s] Level 1:colcon.colcon_core.package_identification:_identify(.) by extension 'ignore_ament_install'
[0.199s] Level 1:colcon.colcon_core.package_identification:_identify(.) by extensions ['colcon_pkg']
[0.199s] Level 1:colcon.colcon_core.package_identification:_identify(.) by extension 'colcon_pkg'
[0.199s] Level 1:colcon.colcon_core.package_identification:_identify(.) by extensions ['colcon_meta']
[0.199s] Level 1:colcon.colcon_core.package_identification:_identify(.) by extension 'colcon_meta'
[0.199s] Level 1:colcon.colcon_core.package_identification:_identify(.) by extensions ['ros']
[0.199s] Level 1:colcon.colcon_core.package_identification:_identify(.) by extension 'ros'
[0.233s] Level 1:colcon.colcon_core.package_identification:_identify(.) by extensions ['cmake', 'python']
[0.233s] Level 1:colcon.colcon_core.package_identification:_identify(.) by extension 'cmake'
[0.233s] Level 1:colcon.colcon_core.package_identification:_identify(.) by extension 'python'
[0.234s] Level 1:colcon.colcon_core.package_identification:_identify(.) by extensions ['python_setup_py']
[0.234s] Level 1:colcon.colcon_core.package_identification:_identify(.) by extension 'python_setup_py'
[0.234s] Level 1:colcon.colcon_core.package_identification:_identify(build) by extensions ['ignore', 'ignore_ament_install']
[0.234s] Level 1:colcon.colcon_core.package_identification:_identify(build) by extension 'ignore'
[0.234s] Level 1:colcon.colcon_core.package_identification:_identify(build) ignored
[0.234s] Level 1:colcon.colcon_core.package_identification:_identify(install) by extensions ['ignore', 'ignore_ament_install']
[0.234s] Level 1:colcon.colcon_core.package_identification:_identify(install) by extension 'ignore'
[0.234s] Level 1:colcon.colcon_core.package_identification:_identify(install) ignored
[0.234s] Level 1:colcon.colcon_core.package_identification:_identify(log) by extensions ['ignore', 'ignore_ament_install']
[0.234s] Level 1:colcon.colcon_core.package_identification:_identify(log) by extension 'ignore'
[0.235s] Level 1:colcon.colcon_core.package_identification:_identify(log) ignored
[0.235s] Level 1:colcon.colcon_core.package_identification:_identify(src) by extensions ['ignore', 'ignore_ament_install']
[0.235s] Level 1:colcon.colcon_core.package_identification:_identify(src) by extension 'ignore'
[0.235s] Level 1:colcon.colcon_core.package_identification:_identify(src) by extension 'ignore_ament_install'
[0.235s] Level 1:colcon.colcon_core.package_identification:_identify(src) by extensions ['colcon_pkg']
[0.235s] Level 1:colcon.colcon_core.package_identification:_identify(src) by extension 'colcon_pkg'
[0.235s] Level 1:colcon.colcon_core.package_identification:_identify(src) by extensions ['colcon_meta']
[0.235s] Level 1:colcon.colcon_core.package_identification:_identify(src) by extension 'colcon_meta'
[0.235s] Level 1:colcon.colcon_core.package_identification:_identify(src) by extensions ['ros']
[0.235s] Level 1:colcon.colcon_core.package_identification:_identify(src) by extension 'ros'
[0.235s] Level 1:colcon.colcon_core.package_identification:_identify(src) by extensions ['cmake', 'python']
[0.235s] Level 1:colcon.colcon_core.package_identification:_identify(src) by extension 'cmake'
[0.235s] Level 1:colcon.colcon_core.package_identification:_identify(src) by extension 'python'
[0.235s] Level 1:colcon.colcon_core.package_identification:_identify(src) by extensions ['python_setup_py']
[0.235s] Level 1:colcon.colcon_core.package_identification:_identify(src) by extension 'python_setup_py'
[0.235s] Level 1:colcon.colcon_core.package_identification:_identify(src/robot_bridge_cpp) by extensions ['ignore', 'ignore_ament_install']
[0.236s] Level 1:colcon.colcon_core.package_identification:_identify(src/robot_bridge_cpp) by extension 'ignore'
[0.236s] Level 1:colcon.colcon_core.package_identification:_identify(src/robot_bridge_cpp) by extension 'ignore_ament_install'
[0.236s] Level 1:colcon.colcon_core.package_identification:_identify(src/robot_bridge_cpp) by extensions ['colcon_pkg']
[0.236s] Level 1:colcon.colcon_core.package_identification:_identify(src/robot_bridge_cpp) by extension 'colcon_pkg'
[0.236s] Level 1:colcon.colcon_core.package_identification:_identify(src/robot_bridge_cpp) by extensions ['colcon_meta']
[0.236s] Level 1:colcon.colcon_core.package_identification:_identify(src/robot_bridge_cpp) by extension 'colcon_meta'
[0.236s] Level 1:colcon.colcon_core.package_identification:_identify(src/robot_bridge_cpp) by extensions ['ros']
[0.236s] Level 1:colcon.colcon_core.package_identification:_identify(src/robot_bridge_cpp) by extension 'ros'
[0.239s] DEBUG:colcon.colcon_core.package_identification:Package 'src/robot_bridge_cpp' with type 'ros.ament_cmake' and name 'robot_bridge_cpp'
[0.239s] Level 1:colcon.colcon_core.package_identification:_identify(src/robot_bridge_py) by extensions ['ignore', 'ignore_ament_install']
[0.239s] Level 1:colcon.colcon_core.package_identification:_identify(src/robot_bridge_py) by extension 'ignore'
[0.239s] Level 1:colcon.colcon_core.package_identification:_identify(src/robot_bridge_py) by extension 'ignore_ament_install'
[0.240s] Level 1:colcon.colcon_core.package_identification:_identify(src/robot_bridge_py) by extensions ['colcon_pkg']
[0.240s] Level 1:colcon.colcon_core.package_identification:_identify(src/robot_bridge_py) by extension 'colcon_pkg'
[0.240s] Level 1:colcon.colcon_core.package_identification:_identify(src/robot_bridge_py) by extensions ['colcon_meta']
[0.240s] Level 1:colcon.colcon_core.package_identification:_identify(src/robot_bridge_py) by extension 'colcon_meta'
[0.240s] Level 1:colcon.colcon_core.package_identification:_identify(src/robot_bridge_py) by extensions ['ros']
[0.240s] Level 1:colcon.colcon_core.package_identification:_identify(src/robot_bridge_py) by extension 'ros'
[0.240s] DEBUG:colcon.colcon_core.package_identification:Package 'src/robot_bridge_py' with type 'ros.ament_python' and name 'robot_bridge_py'
[0.240s] Level 1:colcon.colcon_core.package_discovery:discover_packages(recursive) using defaults
[0.241s] Level 1:colcon.colcon_core.package_discovery:discover_packages(ignore) discover
[0.241s] Level 1:colcon.colcon_core.package_discovery:discover_packages(ignore) using defaults
[0.241s] Level 1:colcon.colcon_core.package_discovery:discover_packages(path) discover
[0.241s] Level 1:colcon.colcon_core.package_discovery:discover_packages(path) using defaults
[0.261s] INFO:colcon.colcon_core.package_selection:Skipping not selected package 'robot_bridge_py' in 'src/robot_bridge_py'
[0.261s] Level 1:colcon.colcon_core.package_discovery:discover_packages(prefix_path) check parameters
[0.261s] Level 1:colcon.colcon_core.package_discovery:discover_packages(prefix_path) discover
[0.263s] DEBUG:colcon.colcon_installed_package_information.package_discovery:Found 1 installed packages in /home/karthik/Documents/ROS2_DEVELOPMENTS/ros2-amr-simulation/install
[0.265s] DEBUG:colcon.colcon_installed_package_information.package_discovery:Found 323 installed packages in /opt/ros/jazzy
[0.267s] Level 1:colcon.colcon_core.package_discovery:discover_packages(prefix_path) using defaults
[0.316s] Level 5:colcon.colcon_core.verb:set package 'robot_bridge_cpp' build argument 'cmake_args' from command line to 'None'
[0.316s] Level 5:colcon.colcon_core.verb:set package 'robot_bridge_cpp' build argument 'cmake_target' from command line to 'None'
[0.316s] Level 5:colcon.colcon_core.verb:set package 'robot_bridge_cpp' build argument 'cmake_target_skip_unavailable' from command line to 'False'
[0.316s] Level 5:colcon.colcon_core.verb:set package 'robot_bridge_cpp' build argument 'cmake_clean_cache' from command line to 'False'
[0.316s] Level 5:colcon.colcon_core.verb:set package 'robot_bridge_cpp' build argument 'cmake_clean_first' from command line to 'False'
[0.316s] Level 5:colcon.colcon_core.verb:set package 'robot_bridge_cpp' build argument 'cmake_force_configure' from command line to 'False'
[0.316s] Level 5:colcon.colcon_core.verb:set package 'robot_bridge_cpp' build argument 'ament_cmake_args' from command line to 'None'
[0.316s] Level 5:colcon.colcon_core.verb:set package 'robot_bridge_cpp' build argument 'catkin_cmake_args' from command line to 'None'
[0.316s] Level 5:colcon.colcon_core.verb:set package 'robot_bridge_cpp' build argument 'catkin_skip_building_tests' from command line to 'False'
[0.316s] DEBUG:colcon.colcon_core.verb:Building package 'robot_bridge_cpp' with the following arguments: {'ament_cmake_args': None, 'build_base': '/home/karthik/Documents/ROS2_DEVELOPMENTS/ros3_workspace4_fastapi_bridge_projects/build/robot_bridge_cpp', 'catkin_cmake_args': None, 'catkin_skip_building_tests': False, 'cmake_args': None, 'cmake_clean_cache': False, 'cmake_clean_first': False, 'cmake_force_configure': False, 'cmake_target': None, 'cmake_target_skip_unavailable': False, 'install_base': '/home/karthik/Documents/ROS2_DEVELOPMENTS/ros3_workspace4_fastapi_bridge_projects/install/robot_bridge_cpp', 'merge_install': False, 'path': '/home/karthik/Documents/ROS2_DEVELOPMENTS/ros3_workspace4_fastapi_bridge_projects/src/robot_bridge_cpp', 'symlink_install': False, 'test_result_base': None}
[0.316s] INFO:colcon.colcon_core.executor:Executing jobs using 'parallel' executor
[0.317s] DEBUG:colcon.colcon_parallel_executor.executor.parallel:run_until_complete
[0.318s] INFO:colcon.colcon_ros.task.ament_cmake.build:Building ROS package in '/home/karthik/Documents/ROS2_DEVELOPMENTS/ros3_workspace4_fastapi_bridge_projects/src/robot_bridge_cpp' with build type 'ament_cmake'
[0.318s] INFO:colcon.colcon_cmake.task.cmake.build:Building CMake package in '/home/karthik/Documents/ROS2_DEVELOPMENTS/ros3_workspace4_fastapi_bridge_projects/src/robot_bridge_cpp'
[0.320s] INFO:colcon.colcon_core.plugin_system:Skipping extension 'colcon_core.shell.bat': Not used on non-Windows systems
[0.320s] INFO:colcon.colcon_core.shell:Skip shell extension 'powershell' for command environment: Not usable outside of PowerShell
[0.320s] DEBUG:colcon.colcon_core.shell:Skip shell extension 'dsv' for command environment
[0.330s] DEBUG:colcon.colcon_core.event_handler.log_command:Invoking command in '/home/karthik/Documents/ROS2_DEVELOPMENTS/ros3_workspace4_fastapi_bridge_projects/build/robot_bridge_cpp': CMAKE_PREFIX_PATH=${CMAKE_PREFIX_PATH}:/opt/ros/jazzy DEBUGINFOD_URLS=https://debuginfod.ubuntu.com /usr/bin/cmake /home/karthik/Documents/ROS2_DEVELOPMENTS/ros3_workspace4_fastapi_bridge_projects/src/robot_bridge_cpp -DCMAKE_INSTALL_PREFIX=/home/karthik/Documents/ROS2_DEVELOPMENTS/ros3_workspace4_fastapi_bridge_projects/install/robot_bridge_cpp
[1.697s] DEBUG:colcon.colcon_core.event_handler.log_command:Invoked command in '/home/karthik/Documents/ROS2_DEVELOPMENTS/ros3_workspace4_fastapi_bridge_projects/build/robot_bridge_cpp' returned '0': CMAKE_PREFIX_PATH=${CMAKE_PREFIX_PATH}:/opt/ros/jazzy DEBUGINFOD_URLS=https://debuginfod.ubuntu.com /usr/bin/cmake /home/karthik/Documents/ROS2_DEVELOPMENTS/ros3_workspace4_fastapi_bridge_projects/src/robot_bridge_cpp -DCMAKE_INSTALL_PREFIX=/home/karthik/Documents/ROS2_DEVELOPMENTS/ros3_workspace4_fastapi_bridge_projects/install/robot_bridge_cpp
[1.698s] DEBUG:colcon.colcon_core.event_handler.log_command:Invoking command in '/home/karthik/Documents/ROS2_DEVELOPMENTS/ros3_workspace4_fastapi_bridge_projects/build/robot_bridge_cpp': CMAKE_PREFIX_PATH=${CMAKE_PREFIX_PATH}:/opt/ros/jazzy DEBUGINFOD_URLS=https://debuginfod.ubuntu.com /usr/bin/cmake --build /home/karthik/Documents/ROS2_DEVELOPMENTS/ros3_workspace4_fastapi_bridge_projects/build/robot_bridge_cpp -- -j12 -l12
[2.123s] DEBUG:colcon.colcon_core.event_handler.log_command:Invoked command in '/home/karthik/Documents/ROS2_DEVELOPMENTS/ros3_workspace4_fastapi_bridge_projects/build/robot_bridge_cpp' returned '2': CMAKE_PREFIX_PATH=${CMAKE_PREFIX_PATH}:/opt/ros/jazzy DEBUGINFOD_URLS=https://debuginfod.ubuntu.com /usr/bin/cmake --build /home/karthik/Documents/ROS2_DEVELOPMENTS/ros3_workspace4_fastapi_bridge_projects/build/robot_bridge_cpp -- -j12 -l12
[2.123s] Level 1:colcon.colcon_core.environment:create_environment_scripts_only(robot_bridge_cpp)
[2.125s] Level 1:colcon.colcon_core.environment:checking '/home/karthik/Documents/ROS2_DEVELOPMENTS/ros3_workspace4_fastapi_bridge_projects/install/robot_bridge_cpp' for CMake module files
[2.126s] Level 1:colcon.colcon_core.environment:checking '/home/karthik/Documents/ROS2_DEVELOPMENTS/ros3_workspace4_fastapi_bridge_projects/install/robot_bridge_cpp' for CMake config files
[2.126s] Level 1:colcon.colcon_core.environment:checking '/home/karthik/Documents/ROS2_DEVELOPMENTS/ros3_workspace4_fastapi_bridge_projects/install/robot_bridge_cpp/bin'
[2.126s] Level 1:colcon.colcon_core.environment:checking '/home/karthik/Documents/ROS2_DEVELOPMENTS/ros3_workspace4_fastapi_bridge_projects/install/robot_bridge_cpp/lib/pkgconfig/robot_bridge_cpp.pc'
[2.126s] Level 1:colcon.colcon_core.environment:checking '/home/karthik/Documents/ROS2_DEVELOPMENTS/ros3_workspace4_fastapi_bridge_projects/install/robot_bridge_cpp/lib/python3.12/site-packages'
[2.127s] Level 1:colcon.colcon_core.environment:checking '/home/karthik/Documents/ROS2_DEVELOPMENTS/ros3_workspace4_fastapi_bridge_projects/install/robot_bridge_cpp/bin'
[2.127s] INFO:colcon.colcon_core.shell:Creating package script '/home/karthik/Documents/ROS2_DEVELOPMENTS/ros3_workspace4_fastapi_bridge_projects/install/robot_bridge_cpp/share/robot_bridge_cpp/package.ps1'
[2.128s] INFO:colcon.colcon_core.shell:Creating package descriptor '/home/karthik/Documents/ROS2_DEVELOPMENTS/ros3_workspace4_fastapi_bridge_projects/install/robot_bridge_cpp/share/robot_bridge_cpp/package.dsv'
[2.129s] INFO:colcon.colcon_core.shell:Creating package script '/home/karthik/Documents/ROS2_DEVELOPMENTS/ros3_workspace4_fastapi_bridge_projects/install/robot_bridge_cpp/share/robot_bridge_cpp/package.sh'
[2.130s] INFO:colcon.colcon_core.shell:Creating package script '/home/karthik/Documents/ROS2_DEVELOPMENTS/ros3_workspace4_fastapi_bridge_projects/install/robot_bridge_cpp/share/robot_bridge_cpp/package.bash'
[2.131s] INFO:colcon.colcon_core.shell:Creating package script '/home/karthik/Documents/ROS2_DEVELOPMENTS/ros3_workspace4_fastapi_bridge_projects/install/robot_bridge_cpp/share/robot_bridge_cpp/package.zsh'
[2.132s] Level 1:colcon.colcon_core.environment:create_file_with_runtime_dependencies(/home/karthik/Documents/ROS2_DEVELOPMENTS/ros3_workspace4_fastapi_bridge_projects/install/robot_bridge_cpp/share/colcon-core/packages/robot_bridge_cpp)
[2.133s] DEBUG:colcon.colcon_parallel_executor.executor.parallel:closing loop
[2.134s] DEBUG:colcon.colcon_parallel_executor.executor.parallel:loop closed
[2.134s] DEBUG:colcon.colcon_parallel_executor.executor.parallel:run_until_complete finished with '2'
[2.134s] DEBUG:colcon.colcon_core.event_reactor:joining thread
[2.142s] INFO:colcon.colcon_core.plugin_system:Skipping extension 'colcon_notification.desktop_notification.terminal_notifier': Not used on non-Darwin systems
[2.142s] INFO:colcon.colcon_core.plugin_system:Skipping extension 'colcon_notification.desktop_notification.win32': Not used on non-Windows systems
[2.142s] INFO:colcon.colcon_notification.desktop_notification:Sending desktop notification using 'notify2'
[2.167s] DEBUG:colcon.colcon_core.event_reactor:joined thread
[2.167s] INFO:colcon.colcon_core.shell:Creating prefix script '/home/karthik/Documents/ROS2_DEVELOPMENTS/ros3_workspace4_fastapi_bridge_projects/install/local_setup.ps1'
[2.168s] INFO:colcon.colcon_core.shell:Creating prefix util module '/home/karthik/Documents/ROS2_DEVELOPMENTS/ros3_workspace4_fastapi_bridge_projects/install/_local_setup_util_ps1.py'
[2.169s] INFO:colcon.colcon_core.shell:Creating prefix chain script '/home/karthik/Documents/ROS2_DEVELOPMENTS/ros3_workspace4_fastapi_bridge_projects/install/setup.ps1'
[2.171s] INFO:colcon.colcon_core.shell:Creating prefix script '/home/karthik/Documents/ROS2_DEVELOPMENTS/ros3_workspace4_fastapi_bridge_projects/install/local_setup.sh'
[2.171s] INFO:colcon.colcon_core.shell:Creating prefix util module '/home/karthik/Documents/ROS2_DEVELOPMENTS/ros3_workspace4_fastapi_bridge_projects/install/_local_setup_util_sh.py'
[2.172s] INFO:colcon.colcon_core.shell:Creating prefix chain script '/home/karthik/Documents/ROS2_DEVELOPMENTS/ros3_workspace4_fastapi_bridge_projects/install/setup.sh'
[2.173s] INFO:colcon.colcon_core.shell:Creating prefix script '/home/karthik/Documents/ROS2_DEVELOPMENTS/ros3_workspace4_fastapi_bridge_projects/install/local_setup.bash'
[2.173s] INFO:colcon.colcon_core.shell:Creating prefix chain script '/home/karthik/Documents/ROS2_DEVELOPMENTS/ros3_workspace4_fastapi_bridge_projects/install/setup.bash'
[2.174s] INFO:colcon.colcon_core.shell:Creating prefix script '/home/karthik/Documents/ROS2_DEVELOPMENTS/ros3_workspace4_fastapi_bridge_projects/install/local_setup.zsh'
[2.175s] INFO:colcon.colcon_core.shell:Creating prefix chain script '/home/karthik/Documents/ROS2_DEVELOPMENTS/ros3_workspace4_fastapi_bridge_projects/install/setup.zsh'
