[0.009s] Invoking command in '/home/karthik/Documents/ROS2_DEVELOPMENTS/ros2_gazebo_workspace_1/build/robot_description': CMAKE_PREFIX_PATH=${CMAKE_PREFIX_PATH}:/opt/ros/jazzy DEBUGINFOD_URLS=https://debuginfod.ubuntu.com /usr/bin/cmake /home/karthik/Documents/ROS2_DEVELOPMENTS/ros2_gazebo_workspace_1/src/robot_description -DCMAKE_INSTALL_PREFIX=/home/karthik/Documents/ROS2_DEVELOPMENTS/ros2_gazebo_workspace_1/install/robot_description
[0.029s] -- Found ament_cmake: 2.5.6 (/opt/ros/jazzy/share/ament_cmake/cmake)
[0.232s] -- Override CMake install command with custom implementation using symlinks instead of copying resources
[0.336s] -- Configuring done (0.3s)
[0.346s] -- Generating done (0.0s)
[0.349s] -- Build files have been written to: /home/karthik/Documents/ROS2_DEVELOPMENTS/ros2_gazebo_workspace_1/build/robot_description
[0.352s] Invoked command in '/home/karthik/Documents/ROS2_DEVELOPMENTS/ros2_gazebo_workspace_1/build/robot_description' returned '0': CMAKE_PREFIX_PATH=${CMAKE_PREFIX_PATH}:/opt/ros/jazzy DEBUGINFOD_URLS=https://debuginfod.ubuntu.com /usr/bin/cmake /home/karthik/Documents/ROS2_DEVELOPMENTS/ros2_gazebo_workspace_1/src/robot_description -DCMAKE_INSTALL_PREFIX=/home/karthik/Documents/ROS2_DEVELOPMENTS/ros2_gazebo_workspace_1/install/robot_description
[0.353s] Invoking command in '/home/karthik/Documents/ROS2_DEVELOPMENTS/ros2_gazebo_workspace_1/build/robot_description': CMAKE_PREFIX_PATH=${CMAKE_PREFIX_PATH}:/opt/ros/jazzy DEBUGINFOD_URLS=https://debuginfod.ubuntu.com /usr/bin/cmake --build /home/karthik/Documents/ROS2_DEVELOPMENTS/ros2_gazebo_workspace_1/build/robot_description -- -j12 -l12
[0.399s] Invoked command in '/home/karthik/Documents/ROS2_DEVELOPMENTS/ros2_gazebo_workspace_1/build/robot_description' returned '0': CMAKE_PREFIX_PATH=${CMAKE_PREFIX_PATH}:/opt/ros/jazzy DEBUGINFOD_URLS=https://debuginfod.ubuntu.com /usr/bin/cmake --build /home/karthik/Documents/ROS2_DEVELOPMENTS/ros2_gazebo_workspace_1/build/robot_description -- -j12 -l12
[0.411s] Invoking command in '/home/karthik/Documents/ROS2_DEVELOPMENTS/ros2_gazebo_workspace_1/build/robot_description': CMAKE_PREFIX_PATH=${CMAKE_PREFIX_PATH}:/opt/ros/jazzy DEBUGINFOD_URLS=https://debuginfod.ubuntu.com /usr/bin/cmake --install /home/karthik/Documents/ROS2_DEVELOPMENTS/ros2_gazebo_workspace_1/build/robot_description
[0.420s] -- Install configuration: ""
[0.420s] -- Execute custom install script
[0.421s] -- Up-to-date symlink: /home/karthik/Documents/ROS2_DEVELOPMENTS/ros2_gazebo_workspace_1/install/robot_description/share/robot_description/urdf/base.xacro
[0.421s] -- Up-to-date symlink: /home/karthik/Documents/ROS2_DEVELOPMENTS/ros2_gazebo_workspace_1/install/robot_description/share/robot_description/urdf/common_properties.xacro
[0.421s] -- Up-to-date symlink: /home/karthik/Documents/ROS2_DEVELOPMENTS/ros2_gazebo_workspace_1/install/robot_description/share/robot_description/urdf/gazebo.xacro
[0.421s] -- Up-to-date symlink: /home/karthik/Documents/ROS2_DEVELOPMENTS/ros2_gazebo_workspace_1/install/robot_description/share/robot_description/urdf/inertia_macros.xacro
[0.421s] -- Up-to-date symlink: /home/karthik/Documents/ROS2_DEVELOPMENTS/ros2_gazebo_workspace_1/install/robot_description/share/robot_description/urdf/robot.xacro
[0.421s] -- Up-to-date symlink: /home/karthik/Documents/ROS2_DEVELOPMENTS/ros2_gazebo_workspace_1/install/robot_description/share/robot_description/urdf/wheels.xacro
[0.421s] -- Up-to-date symlink: /home/karthik/Documents/ROS2_DEVELOPMENTS/ros2_gazebo_workspace_1/install/robot_description/share/robot_description/launch/display.launch.py
[0.421s] -- Up-to-date symlink: /home/karthik/Documents/ROS2_DEVELOPMENTS/ros2_gazebo_workspace_1/install/robot_description/share/robot_description/launch/gazebo.launch.py
[0.422s] -- Up-to-date symlink: /home/karthik/Documents/ROS2_DEVELOPMENTS/ros2_gazebo_workspace_1/install/robot_description/share/ament_index/resource_index/package_run_dependencies/robot_description
[0.422s] -- Up-to-date symlink: /home/karthik/Documents/ROS2_DEVELOPMENTS/ros2_gazebo_workspace_1/install/robot_description/share/ament_index/resource_index/parent_prefix_path/robot_description
[0.422s] -- Up-to-date symlink: /home/karthik/Documents/ROS2_DEVELOPMENTS/ros2_gazebo_workspace_1/install/robot_description/share/robot_description/environment/ament_prefix_path.sh
[0.422s] -- Up-to-date symlink: /home/karthik/Documents/ROS2_DEVELOPMENTS/ros2_gazebo_workspace_1/install/robot_description/share/robot_description/environment/ament_prefix_path.dsv
[0.422s] -- Up-to-date symlink: /home/karthik/Documents/ROS2_DEVELOPMENTS/ros2_gazebo_workspace_1/install/robot_description/share/robot_description/environment/path.sh
[0.423s] -- Up-to-date symlink: /home/karthik/Documents/ROS2_DEVELOPMENTS/ros2_gazebo_workspace_1/install/robot_description/share/robot_description/environment/path.dsv
[0.423s] -- Up-to-date symlink: /home/karthik/Documents/ROS2_DEVELOPMENTS/ros2_gazebo_workspace_1/install/robot_description/share/robot_description/local_setup.bash
[0.423s] -- Up-to-date symlink: /home/karthik/Documents/ROS2_DEVELOPMENTS/ros2_gazebo_workspace_1/install/robot_description/share/robot_description/local_setup.sh
[0.423s] -- Up-to-date symlink: /home/karthik/Documents/ROS2_DEVELOPMENTS/ros2_gazebo_workspace_1/install/robot_description/share/robot_description/local_setup.zsh
[0.423s] -- Up-to-date symlink: /home/karthik/Documents/ROS2_DEVELOPMENTS/ros2_gazebo_workspace_1/install/robot_description/share/robot_description/local_setup.dsv
[0.423s] -- Symlinking: /home/karthik/Documents/ROS2_DEVELOPMENTS/ros2_gazebo_workspace_1/install/robot_description/share/robot_description/package.dsv
[0.433s] -- Up-to-date symlink: /home/karthik/Documents/ROS2_DEVELOPMENTS/ros2_gazebo_workspace_1/install/robot_description/share/ament_index/resource_index/packages/robot_description
[0.433s] -- Up-to-date symlink: /home/karthik/Documents/ROS2_DEVELOPMENTS/ros2_gazebo_workspace_1/install/robot_description/share/robot_description/cmake/robot_descriptionConfig.cmake
[0.434s] -- Up-to-date symlink: /home/karthik/Documents/ROS2_DEVELOPMENTS/ros2_gazebo_workspace_1/install/robot_description/share/robot_description/cmake/robot_descriptionConfig-version.cmake
[0.434s] -- Up-to-date symlink: /home/karthik/Documents/ROS2_DEVELOPMENTS/ros2_gazebo_workspace_1/install/robot_description/share/robot_description/package.xml
[0.436s] Invoked command in '/home/karthik/Documents/ROS2_DEVELOPMENTS/ros2_gazebo_workspace_1/build/robot_description' returned '0': CMAKE_PREFIX_PATH=${CMAKE_PREFIX_PATH}:/opt/ros/jazzy DEBUGINFOD_URLS=https://debuginfod.ubuntu.com /usr/bin/cmake --install /home/karthik/Documents/ROS2_DEVELOPMENTS/ros2_gazebo_workspace_1/build/robot_description
