[ 25%] [32mBuilding CXX object CMakeFiles/listener.dir/src/listener.cpp.o[0m
[ 50%] [32mBuilding CXX object CMakeFiles/talker.dir/src/talker.cpp.o[0m
[ 75%] [32m[1mLinking CXX executable talker[0m
[ 75%] Built target talker
[100%] [32m[1mLinking CXX executable listener[0m
[100%] Built target listener
-- Install configuration: ""
-- Installing: /home/karthik/Documents/ROS2_DEVELOPMENTS/ros3_workspace4_fastapi_bridge_projects/install/robot_bridge_cpp/lib/robot_bridge_cpp/talker
-- Set non-toolchain portion of runtime path of "/home/karthik/Documents/ROS2_DEVELOPMENTS/ros3_workspace4_fastapi_bridge_projects/install/robot_bridge_cpp/lib/robot_bridge_cpp/talker" to ""
-- Installing: /home/karthik/Documents/ROS2_DEVELOPMENTS/ros3_workspace4_fastapi_bridge_projects/install/robot_bridge_cpp/lib/robot_bridge_cpp/listener
-- Set non-toolchain portion of runtime path of "/home/karthik/Documents/ROS2_DEVELOPMENTS/ros3_workspace4_fastapi_bridge_projects/install/robot_bridge_cpp/lib/robot_bridge_cpp/listener" to ""
-- Installing: /home/karthik/Documents/ROS2_DEVELOPMENTS/ros3_workspace4_fastapi_bridge_projects/install/robot_bridge_cpp/share/ament_index/resource_index/package_run_dependencies/robot_bridge_cpp
-- Installing: /home/karthik/Documents/ROS2_DEVELOPMENTS/ros3_workspace4_fastapi_bridge_projects/install/robot_bridge_cpp/share/ament_index/resource_index/parent_prefix_path/robot_bridge_cpp
-- Installing: /home/karthik/Documents/ROS2_DEVELOPMENTS/ros3_workspace4_fastapi_bridge_projects/install/robot_bridge_cpp/share/robot_bridge_cpp/environment/ament_prefix_path.sh
-- Installing: /home/karthik/Documents/ROS2_DEVELOPMENTS/ros3_workspace4_fastapi_bridge_projects/install/robot_bridge_cpp/share/robot_bridge_cpp/environment/ament_prefix_path.dsv
-- Installing: /home/karthik/Documents/ROS2_DEVELOPMENTS/ros3_workspace4_fastapi_bridge_projects/install/robot_bridge_cpp/share/robot_bridge_cpp/environment/path.sh
-- Installing: /home/karthik/Documents/ROS2_DEVELOPMENTS/ros3_workspace4_fastapi_bridge_projects/install/robot_bridge_cpp/share/robot_bridge_cpp/environment/path.dsv
-- Installing: /home/karthik/Documents/ROS2_DEVELOPMENTS/ros3_workspace4_fastapi_bridge_projects/install/robot_bridge_cpp/share/robot_bridge_cpp/local_setup.bash
-- Installing: /home/karthik/Documents/ROS2_DEVELOPMENTS/ros3_workspace4_fastapi_bridge_projects/install/robot_bridge_cpp/share/robot_bridge_cpp/local_setup.sh
-- Installing: /home/karthik/Documents/ROS2_DEVELOPMENTS/ros3_workspace4_fastapi_bridge_projects/install/robot_bridge_cpp/share/robot_bridge_cpp/local_setup.zsh
-- Installing: /home/karthik/Documents/ROS2_DEVELOPMENTS/ros3_workspace4_fastapi_bridge_projects/install/robot_bridge_cpp/share/robot_bridge_cpp/local_setup.dsv
-- Installing: /home/karthik/Documents/ROS2_DEVELOPMENTS/ros3_workspace4_fastapi_bridge_projects/install/robot_bridge_cpp/share/robot_bridge_cpp/package.dsv
-- Installing: /home/karthik/Documents/ROS2_DEVELOPMENTS/ros3_workspace4_fastapi_bridge_projects/install/robot_bridge_cpp/share/ament_index/resource_index/packages/robot_bridge_cpp
-- Installing: /home/karthik/Documents/ROS2_DEVELOPMENTS/ros3_workspace4_fastapi_bridge_projects/install/robot_bridge_cpp/share/robot_bridge_cpp/cmake/robot_bridge_cppConfig.cmake
-- Installing: /home/karthik/Documents/ROS2_DEVELOPMENTS/ros3_workspace4_fastapi_bridge_projects/install/robot_bridge_cpp/share/robot_bridge_cpp/cmake/robot_bridge_cppConfig-version.cmake
-- Installing: /home/karthik/Documents/ROS2_DEVELOPMENTS/ros3_workspace4_fastapi_bridge_projects/install/robot_bridge_cpp/share/robot_bridge_cpp/package.xml
