[0.013s] Invoking command in '/home/karthik/Documents/ROS2_DEVELOPMENTS/ros3_workspace4_fastapi_bridge_projects/build/robot_bridge_cpp': CMAKE_PREFIX_PATH=${CMAKE_PREFIX_PATH}:/opt/ros/jazzy DEBUGINFOD_URLS=https://debuginfod.ubuntu.com /usr/bin/cmake --build /home/karthik/Documents/ROS2_DEVELOPMENTS/ros3_workspace4_fastapi_bridge_projects/build/robot_bridge_cpp -- -j12 -l12
[0.092s] [ 25%] [32mBuilding CXX object CMakeFiles/listener.dir/src/listener.cpp.o[0m
[0.093s] [ 50%] [32mBuilding CXX object CMakeFiles/talker.dir/src/talker.cpp.o[0m
[3.728s] [ 75%] [32m[1mLinking CXX executable talker[0m
[3.911s] [ 75%] Built target talker
[5.987s] [100%] [32m[1mLinking CXX executable listener[0m
[6.250s] [100%] Built target listener
[6.263s] Invoked command in '/home/karthik/Documents/ROS2_DEVELOPMENTS/ros3_workspace4_fastapi_bridge_projects/build/robot_bridge_cpp' returned '0': CMAKE_PREFIX_PATH=${CMAKE_PREFIX_PATH}:/opt/ros/jazzy DEBUGINFOD_URLS=https://debuginfod.ubuntu.com /usr/bin/cmake --build /home/karthik/Documents/ROS2_DEVELOPMENTS/ros3_workspace4_fastapi_bridge_projects/build/robot_bridge_cpp -- -j12 -l12
[6.274s] Invoking command in '/home/karthik/Documents/ROS2_DEVELOPMENTS/ros3_workspace4_fastapi_bridge_projects/build/robot_bridge_cpp': CMAKE_PREFIX_PATH=${CMAKE_PREFIX_PATH}:/opt/ros/jazzy DEBUGINFOD_URLS=https://debuginfod.ubuntu.com /usr/bin/cmake --install /home/karthik/Documents/ROS2_DEVELOPMENTS/ros3_workspace4_fastapi_bridge_projects/build/robot_bridge_cpp
[6.283s] -- Install configuration: ""
[6.283s] -- Installing: /home/karthik/Documents/ROS2_DEVELOPMENTS/ros3_workspace4_fastapi_bridge_projects/install/robot_bridge_cpp/lib/robot_bridge_cpp/talker
[6.284s] -- Set non-toolchain portion of runtime path of "/home/karthik/Documents/ROS2_DEVELOPMENTS/ros3_workspace4_fastapi_bridge_projects/install/robot_bridge_cpp/lib/robot_bridge_cpp/talker" to ""
[6.284s] -- Installing: /home/karthik/Documents/ROS2_DEVELOPMENTS/ros3_workspace4_fastapi_bridge_projects/install/robot_bridge_cpp/lib/robot_bridge_cpp/listener
[6.288s] -- Set non-toolchain portion of runtime path of "/home/karthik/Documents/ROS2_DEVELOPMENTS/ros3_workspace4_fastapi_bridge_projects/install/robot_bridge_cpp/lib/robot_bridge_cpp/listener" to ""
[6.288s] -- Installing: /home/karthik/Documents/ROS2_DEVELOPMENTS/ros3_workspace4_fastapi_bridge_projects/install/robot_bridge_cpp/share/ament_index/resource_index/package_run_dependencies/robot_bridge_cpp
[6.288s] -- Installing: /home/karthik/Documents/ROS2_DEVELOPMENTS/ros3_workspace4_fastapi_bridge_projects/install/robot_bridge_cpp/share/ament_index/resource_index/parent_prefix_path/robot_bridge_cpp
[6.288s] -- Installing: /home/karthik/Documents/ROS2_DEVELOPMENTS/ros3_workspace4_fastapi_bridge_projects/install/robot_bridge_cpp/share/robot_bridge_cpp/environment/ament_prefix_path.sh
[6.288s] -- Installing: /home/karthik/Documents/ROS2_DEVELOPMENTS/ros3_workspace4_fastapi_bridge_projects/install/robot_bridge_cpp/share/robot_bridge_cpp/environment/ament_prefix_path.dsv
[6.289s] -- Installing: /home/karthik/Documents/ROS2_DEVELOPMENTS/ros3_workspace4_fastapi_bridge_projects/install/robot_bridge_cpp/share/robot_bridge_cpp/environment/path.sh
[6.289s] -- Installing: /home/karthik/Documents/ROS2_DEVELOPMENTS/ros3_workspace4_fastapi_bridge_projects/install/robot_bridge_cpp/share/robot_bridge_cpp/environment/path.dsv
[6.289s] -- Installing: /home/karthik/Documents/ROS2_DEVELOPMENTS/ros3_workspace4_fastapi_bridge_projects/install/robot_bridge_cpp/share/robot_bridge_cpp/local_setup.bash
[6.289s] -- Installing: /home/karthik/Documents/ROS2_DEVELOPMENTS/ros3_workspace4_fastapi_bridge_projects/install/robot_bridge_cpp/share/robot_bridge_cpp/local_setup.sh
[6.289s] -- Installing: /home/karthik/Documents/ROS2_DEVELOPMENTS/ros3_workspace4_fastapi_bridge_projects/install/robot_bridge_cpp/share/robot_bridge_cpp/local_setup.zsh
[6.290s] -- Installing: /home/karthik/Documents/ROS2_DEVELOPMENTS/ros3_workspace4_fastapi_bridge_projects/install/robot_bridge_cpp/share/robot_bridge_cpp/local_setup.dsv
[6.290s] -- Installing: /home/karthik/Documents/ROS2_DEVELOPMENTS/ros3_workspace4_fastapi_bridge_projects/install/robot_bridge_cpp/share/robot_bridge_cpp/package.dsv
[6.290s] -- Installing: /home/karthik/Documents/ROS2_DEVELOPMENTS/ros3_workspace4_fastapi_bridge_projects/install/robot_bridge_cpp/share/ament_index/resource_index/packages/robot_bridge_cpp
[6.290s] -- Installing: /home/karthik/Documents/ROS2_DEVELOPMENTS/ros3_workspace4_fastapi_bridge_projects/install/robot_bridge_cpp/share/robot_bridge_cpp/cmake/robot_bridge_cppConfig.cmake
[6.290s] -- Installing: /home/karthik/Documents/ROS2_DEVELOPMENTS/ros3_workspace4_fastapi_bridge_projects/install/robot_bridge_cpp/share/robot_bridge_cpp/cmake/robot_bridge_cppConfig-version.cmake
[6.290s] -- Installing: /home/karthik/Documents/ROS2_DEVELOPMENTS/ros3_workspace4_fastapi_bridge_projects/install/robot_bridge_cpp/share/robot_bridge_cpp/package.xml
[6.292s] Invoked command in '/home/karthik/Documents/ROS2_DEVELOPMENTS/ros3_workspace4_fastapi_bridge_projects/build/robot_bridge_cpp' returned '0': CMAKE_PREFIX_PATH=${CMAKE_PREFIX_PATH}:/opt/ros/jazzy DEBUGINFOD_URLS=https://debuginfod.ubuntu.com /usr/bin/cmake --install /home/karthik/Documents/ROS2_DEVELOPMENTS/ros3_workspace4_fastapi_bridge_projects/build/robot_bridge_cpp
