-- The C compiler identification is GNU 13.3.0
-- The CXX compiler identification is GNU 13.3.0
-- Detecting C compiler ABI info
-- Detecting C compiler ABI info - done
-- Check for working C compiler: /usr/bin/cc - skipped
-- Detecting C compile features
-- Detecting C compile features - done
-- Detecting CXX compiler ABI info
-- Detecting CXX compiler ABI info - done
-- Check for working CXX compiler: /usr/bin/c++ - skipped
-- Detecting CXX compile features
-- Detecting CXX compile features - done
-- Found ament_cmake: 2.5.6 (/opt/ros/jazzy/share/ament_cmake/cmake)
-- Found Python3: /usr/bin/python3 (found version "3.12.3") found components: Interpreter 
-- Override CMake install command with custom implementation using symlinks instead of copying resources
-- Configuring done (2.1s)
-- Generating done (0.0s)
-- Build files have been written to: /home/karthik/Documents/ROS2_DEVELOPMENTS/ros2_gazebo_workspace_1/build/robot_description
-- Install configuration: ""
-- Execute custom install script
-- Symlinking: /home/karthik/Documents/ROS2_DEVELOPMENTS/ros2_gazebo_workspace_1/install/robot_description/share/robot_description/urdf/base.xacro
-- Symlinking: /home/karthik/Documents/ROS2_DEVELOPMENTS/ros2_gazebo_workspace_1/install/robot_description/share/robot_description/urdf/common_properties.xacro
-- Symlinking: /home/karthik/Documents/ROS2_DEVELOPMENTS/ros2_gazebo_workspace_1/install/robot_description/share/robot_description/urdf/gazebo.xacro
-- Symlinking: /home/karthik/Documents/ROS2_DEVELOPMENTS/ros2_gazebo_workspace_1/install/robot_description/share/robot_description/urdf/inertia_macros.xacro
-- Symlinking: /home/karthik/Documents/ROS2_DEVELOPMENTS/ros2_gazebo_workspace_1/install/robot_description/share/robot_description/urdf/robot.xacro
-- Symlinking: /home/karthik/Documents/ROS2_DEVELOPMENTS/ros2_gazebo_workspace_1/install/robot_description/share/robot_description/urdf/wheels.xacro
-- Symlinking: /home/karthik/Documents/ROS2_DEVELOPMENTS/ros2_gazebo_workspace_1/install/robot_description/share/ament_index/resource_index/package_run_dependencies/robot_description
-- Symlinking: /home/karthik/Documents/ROS2_DEVELOPMENTS/ros2_gazebo_workspace_1/install/robot_description/share/ament_index/resource_index/parent_prefix_path/robot_description
-- Symlinking: /home/karthik/Documents/ROS2_DEVELOPMENTS/ros2_gazebo_workspace_1/install/robot_description/share/robot_description/environment/ament_prefix_path.sh
-- Symlinking: /home/karthik/Documents/ROS2_DEVELOPMENTS/ros2_gazebo_workspace_1/install/robot_description/share/robot_description/environment/ament_prefix_path.dsv
-- Symlinking: /home/karthik/Documents/ROS2_DEVELOPMENTS/ros2_gazebo_workspace_1/install/robot_description/share/robot_description/environment/path.sh
-- Symlinking: /home/karthik/Documents/ROS2_DEVELOPMENTS/ros2_gazebo_workspace_1/install/robot_description/share/robot_description/environment/path.dsv
-- Symlinking: /home/karthik/Documents/ROS2_DEVELOPMENTS/ros2_gazebo_workspace_1/install/robot_description/share/robot_description/local_setup.bash
-- Symlinking: /home/karthik/Documents/ROS2_DEVELOPMENTS/ros2_gazebo_workspace_1/install/robot_description/share/robot_description/local_setup.sh
-- Symlinking: /home/karthik/Documents/ROS2_DEVELOPMENTS/ros2_gazebo_workspace_1/install/robot_description/share/robot_description/local_setup.zsh
-- Symlinking: /home/karthik/Documents/ROS2_DEVELOPMENTS/ros2_gazebo_workspace_1/install/robot_description/share/robot_description/local_setup.dsv
-- Symlinking: /home/karthik/Documents/ROS2_DEVELOPMENTS/ros2_gazebo_workspace_1/install/robot_description/share/robot_description/package.dsv
-- Symlinking: /home/karthik/Documents/ROS2_DEVELOPMENTS/ros2_gazebo_workspace_1/install/robot_description/share/ament_index/resource_index/packages/robot_description
-- Symlinking: /home/karthik/Documents/ROS2_DEVELOPMENTS/ros2_gazebo_workspace_1/install/robot_description/share/robot_description/cmake/robot_descriptionConfig.cmake
-- Symlinking: /home/karthik/Documents/ROS2_DEVELOPMENTS/ros2_gazebo_workspace_1/install/robot_description/share/robot_description/cmake/robot_descriptionConfig-version.cmake
-- Symlinking: /home/karthik/Documents/ROS2_DEVELOPMENTS/ros2_gazebo_workspace_1/install/robot_description/share/robot_description/package.xml
