[0.025s] Invoking command in '/home/karthik/Documents/ROS2_DEVELOPMENTS/ros2_gazebo_workspace_1/build/robot_description': CMAKE_PREFIX_PATH=${CMAKE_PREFIX_PATH}:/opt/ros/jazzy DEBUGINFOD_URLS=https://debuginfod.ubuntu.com /usr/bin/cmake /home/karthik/Documents/ROS2_DEVELOPMENTS/ros2_gazebo_workspace_1/src/robot_description -DAMENT_CMAKE_SYMLINK_INSTALL=1 -DCMAKE_INSTALL_PREFIX=/home/karthik/Documents/ROS2_DEVELOPMENTS/ros2_gazebo_workspace_1/install/robot_description
[0.318s] -- The C compiler identification is GNU 13.3.0
[0.571s] -- The CXX compiler identification is GNU 13.3.0
[0.619s] -- Detecting C compiler ABI info
[0.879s] -- Detecting C compiler ABI info - done
[0.900s] -- Check for working C compiler: /usr/bin/cc - skipped
[0.901s] -- Detecting C compile features
[0.902s] -- Detecting C compile features - done
[0.926s] -- Detecting CXX compiler ABI info
[1.213s] -- Detecting CXX compiler ABI info - done
[1.236s] -- Check for working CXX compiler: /usr/bin/c++ - skipped
[1.237s] -- Detecting CXX compile features
[1.238s] -- Detecting CXX compile features - done
[1.299s] -- Found ament_cmake: 2.5.6 (/opt/ros/jazzy/share/ament_cmake/cmake)
[1.670s] -- Found Python3: /usr/bin/python3 (found version "3.12.3") found components: Interpreter 
[1.847s] -- Override CMake install command with custom implementation using symlinks instead of copying resources
[2.191s] -- Configuring done (2.1s)
[2.198s] -- Generating done (0.0s)
[2.203s] -- Build files have been written to: /home/karthik/Documents/ROS2_DEVELOPMENTS/ros2_gazebo_workspace_1/build/robot_description
[2.214s] Invoked command in '/home/karthik/Documents/ROS2_DEVELOPMENTS/ros2_gazebo_workspace_1/build/robot_description' returned '0': CMAKE_PREFIX_PATH=${CMAKE_PREFIX_PATH}:/opt/ros/jazzy DEBUGINFOD_URLS=https://debuginfod.ubuntu.com /usr/bin/cmake /home/karthik/Documents/ROS2_DEVELOPMENTS/ros2_gazebo_workspace_1/src/robot_description -DAMENT_CMAKE_SYMLINK_INSTALL=1 -DCMAKE_INSTALL_PREFIX=/home/karthik/Documents/ROS2_DEVELOPMENTS/ros2_gazebo_workspace_1/install/robot_description
[2.217s] Invoking command in '/home/karthik/Documents/ROS2_DEVELOPMENTS/ros2_gazebo_workspace_1/build/robot_description': CMAKE_PREFIX_PATH=${CMAKE_PREFIX_PATH}:/opt/ros/jazzy DEBUGINFOD_URLS=https://debuginfod.ubuntu.com /usr/bin/cmake --build /home/karthik/Documents/ROS2_DEVELOPMENTS/ros2_gazebo_workspace_1/build/robot_description -- -j12 -l12
[2.320s] Invoked command in '/home/karthik/Documents/ROS2_DEVELOPMENTS/ros2_gazebo_workspace_1/build/robot_description' returned '0': CMAKE_PREFIX_PATH=${CMAKE_PREFIX_PATH}:/opt/ros/jazzy DEBUGINFOD_URLS=https://debuginfod.ubuntu.com /usr/bin/cmake --build /home/karthik/Documents/ROS2_DEVELOPMENTS/ros2_gazebo_workspace_1/build/robot_description -- -j12 -l12
[2.349s] Invoking command in '/home/karthik/Documents/ROS2_DEVELOPMENTS/ros2_gazebo_workspace_1/build/robot_description': CMAKE_PREFIX_PATH=${CMAKE_PREFIX_PATH}:/opt/ros/jazzy DEBUGINFOD_URLS=https://debuginfod.ubuntu.com /usr/bin/cmake --install /home/karthik/Documents/ROS2_DEVELOPMENTS/ros2_gazebo_workspace_1/build/robot_description
[2.432s] -- Install configuration: ""
[2.433s] -- Execute custom install script
[2.435s] -- Symlinking: /home/karthik/Documents/ROS2_DEVELOPMENTS/ros2_gazebo_workspace_1/install/robot_description/share/robot_description/urdf/base.xacro
[2.461s] -- Symlinking: /home/karthik/Documents/ROS2_DEVELOPMENTS/ros2_gazebo_workspace_1/install/robot_description/share/robot_description/urdf/common_properties.xacro
[2.484s] -- Symlinking: /home/karthik/Documents/ROS2_DEVELOPMENTS/ros2_gazebo_workspace_1/install/robot_description/share/robot_description/urdf/gazebo.xacro
[2.507s] -- Symlinking: /home/karthik/Documents/ROS2_DEVELOPMENTS/ros2_gazebo_workspace_1/install/robot_description/share/robot_description/urdf/inertia_macros.xacro
[2.529s] -- Symlinking: /home/karthik/Documents/ROS2_DEVELOPMENTS/ros2_gazebo_workspace_1/install/robot_description/share/robot_description/urdf/robot.xacro
[2.555s] -- Symlinking: /home/karthik/Documents/ROS2_DEVELOPMENTS/ros2_gazebo_workspace_1/install/robot_description/share/robot_description/urdf/wheels.xacro
[2.579s] -- Symlinking: /home/karthik/Documents/ROS2_DEVELOPMENTS/ros2_gazebo_workspace_1/install/robot_description/share/ament_index/resource_index/package_run_dependencies/robot_description
[2.602s] -- Symlinking: /home/karthik/Documents/ROS2_DEVELOPMENTS/ros2_gazebo_workspace_1/install/robot_description/share/ament_index/resource_index/parent_prefix_path/robot_description
[2.626s] -- Symlinking: /home/karthik/Documents/ROS2_DEVELOPMENTS/ros2_gazebo_workspace_1/install/robot_description/share/robot_description/environment/ament_prefix_path.sh
[2.651s] -- Symlinking: /home/karthik/Documents/ROS2_DEVELOPMENTS/ros2_gazebo_workspace_1/install/robot_description/share/robot_description/environment/ament_prefix_path.dsv
[2.674s] -- Symlinking: /home/karthik/Documents/ROS2_DEVELOPMENTS/ros2_gazebo_workspace_1/install/robot_description/share/robot_description/environment/path.sh
[2.697s] -- Symlinking: /home/karthik/Documents/ROS2_DEVELOPMENTS/ros2_gazebo_workspace_1/install/robot_description/share/robot_description/environment/path.dsv
[2.720s] -- Symlinking: /home/karthik/Documents/ROS2_DEVELOPMENTS/ros2_gazebo_workspace_1/install/robot_description/share/robot_description/local_setup.bash
[2.744s] -- Symlinking: /home/karthik/Documents/ROS2_DEVELOPMENTS/ros2_gazebo_workspace_1/install/robot_description/share/robot_description/local_setup.sh
[2.768s] -- Symlinking: /home/karthik/Documents/ROS2_DEVELOPMENTS/ros2_gazebo_workspace_1/install/robot_description/share/robot_description/local_setup.zsh
[2.790s] -- Symlinking: /home/karthik/Documents/ROS2_DEVELOPMENTS/ros2_gazebo_workspace_1/install/robot_description/share/robot_description/local_setup.dsv
[2.813s] -- Symlinking: /home/karthik/Documents/ROS2_DEVELOPMENTS/ros2_gazebo_workspace_1/install/robot_description/share/robot_description/package.dsv
[2.838s] -- Symlinking: /home/karthik/Documents/ROS2_DEVELOPMENTS/ros2_gazebo_workspace_1/install/robot_description/share/ament_index/resource_index/packages/robot_description
[2.862s] -- Symlinking: /home/karthik/Documents/ROS2_DEVELOPMENTS/ros2_gazebo_workspace_1/install/robot_description/share/robot_description/cmake/robot_descriptionConfig.cmake
[2.885s] -- Symlinking: /home/karthik/Documents/ROS2_DEVELOPMENTS/ros2_gazebo_workspace_1/install/robot_description/share/robot_description/cmake/robot_descriptionConfig-version.cmake
[2.910s] -- Symlinking: /home/karthik/Documents/ROS2_DEVELOPMENTS/ros2_gazebo_workspace_1/install/robot_description/share/robot_description/package.xml
[2.939s] Invoked command in '/home/karthik/Documents/ROS2_DEVELOPMENTS/ros2_gazebo_workspace_1/build/robot_description' returned '0': CMAKE_PREFIX_PATH=${CMAKE_PREFIX_PATH}:/opt/ros/jazzy DEBUGINFOD_URLS=https://debuginfod.ubuntu.com /usr/bin/cmake --install /home/karthik/Documents/ROS2_DEVELOPMENTS/ros2_gazebo_workspace_1/build/robot_description
